[debug] [2025-02-08T18:34:25.206Z] ----------------------------------------------------------------------
[debug] [2025-02-08T18:34:25.208Z] Command:       C:\Program Files\nodejs\node.exe C:\Users\hp\AppData\Roaming\npm\node_modules\firebase-tools\lib\bin\firebase.js init
[debug] [2025-02-08T18:34:25.208Z] CLI Version:   13.2.1
[debug] [2025-02-08T18:34:25.208Z] Platform:      win32
[debug] [2025-02-08T18:34:25.208Z] Node Version:  v18.17.1
[debug] [2025-02-08T18:34:25.209Z] Time:          Sun Feb 09 2025 00:04:25 GMT+0530 (India Standard Time)
[debug] [2025-02-08T18:34:25.209Z] ----------------------------------------------------------------------
[debug] 
[debug] [2025-02-08T18:34:25.213Z] >>> [apiv2][query] GET https://firebase-public.firebaseio.com/cli.json [none]
[debug] [2025-02-08T18:34:25.264Z] > command requires scopes: ["email","openid","https://www.googleapis.com/auth/cloudplatformprojects.readonly","https://www.googleapis.com/auth/firebase","https://www.googleapis.com/auth/cloud-platform"]
[debug] [2025-02-08T18:34:25.264Z] > authorizing via signed-in user (neeleshnama2002@gmail.com)
[info] 
     ######## #### ########  ######## ########     ###     ######  ########
     ##        ##  ##     ## ##       ##     ##  ##   ##  ##       ##
     ######    ##  ########  ######   ########  #########  ######  ######
     ##        ##  ##    ##  ##       ##     ## ##     ##       ## ##
     ##       #### ##     ## ######## ########  ##     ##  ######  ########

You're about to initialize a Firebase project in this directory:

  C:\Users\hp\Downloads\Assignment-lokal\my-app

[debug] [2025-02-08T18:34:26.056Z] <<< [apiv2][status] GET https://firebase-public.firebaseio.com/cli.json 200
[debug] [2025-02-08T18:34:26.056Z] <<< [apiv2][body] GET https://firebase-public.firebaseio.com/cli.json {"cloudBuildErrorAfter":1594252800000,"cloudBuildWarnAfter":1590019200000,"defaultNode10After":1594252800000,"minVersion":"3.0.5","node8DeploysDisabledAfter":1613390400000,"node8RuntimeDisabledAfter":1615809600000,"node8WarnAfter":1600128000000}
